[debug] [2025-08-11T16:22:49.265Z] ----------------------------------------------------------------------
[debug] [2025-08-11T16:22:49.279Z] Command:       C:\Program Files\nodejs\node.exe C:\Users\test\AppData\Roaming\npm\node_modules\firebase-tools\lib\bin\firebase.js init
[debug] [2025-08-11T16:22:49.280Z] CLI Version:   14.12.0
[debug] [2025-08-11T16:22:49.280Z] Platform:      win32
[debug] [2025-08-11T16:22:49.281Z] Node Version:  v22.18.0
[debug] [2025-08-11T16:22:49.281Z] Time:          Mon Aug 11 2025 21:52:49 GMT+0530 (India Standard Time)
[debug] [2025-08-11T16:22:49.282Z] ----------------------------------------------------------------------
[debug] 
[debug] [2025-08-11T16:22:50.132Z] > command requires scopes: ["email","openid","https://www.googleapis.com/auth/cloudplatformprojects.readonly","https://www.googleapis.com/auth/firebase","https://www.googleapis.com/auth/cloud-platform"]
[debug] [2025-08-11T16:22:50.133Z] > authorizing via signed-in user (visakan2005smr@gmail.com)
[info] 
     ######## #### ########  ######## ########     ###     ######  ########
     ##        ##  ##     ## ##       ##     ##  ##   ##  ##       ##
     ######    ##  ########  ######   ########  #########  ######  ######
     ##        ##  ##    ##  ##       ##     ## ##     ##       ## ##
     ##       #### ##     ## ######## ########  ##     ##  ######  ########

You're about to initialize a Firebase project in this directory:

  C:\MY PROJ SPTMS

Before we get started, keep in mind:

  * You are currently outside your home directory
  * You are initializing within an existing Firebase project directory

[info] 
=== Project Setup
[info] 
[info] First, let's associate this project directory with a Firebase project.
[info] You can create multiple project aliases by running firebase use --add, 
[info] but for now we'll just set up a default project.
[info] 
[debug] [2025-08-11T16:23:01.362Z] Checked if tokens are valid: false, expires at: 1754930269213
[debug] [2025-08-11T16:23:01.363Z] Checked if tokens are valid: false, expires at: 1754930269213
[debug] [2025-08-11T16:23:01.364Z] > refreshing access token with scopes: []
[debug] [2025-08-11T16:23:01.372Z] >>> [apiv2][query] POST https://www.googleapis.com/oauth2/v3/token [none]
[debug] [2025-08-11T16:23:01.373Z] >>> [apiv2][body] POST https://www.googleapis.com/oauth2/v3/token [omitted]
[debug] [2025-08-11T16:23:01.898Z] <<< [apiv2][status] POST https://www.googleapis.com/oauth2/v3/token 200
[debug] [2025-08-11T16:23:01.898Z] <<< [apiv2][body] POST https://www.googleapis.com/oauth2/v3/token [omitted]
[debug] [2025-08-11T16:23:01.912Z] >>> [apiv2][query] GET https://firebase.googleapis.com/v1beta1/projects pageSize=100
[debug] [2025-08-11T16:23:02.924Z] <<< [apiv2][status] GET https://firebase.googleapis.com/v1beta1/projects 200
[debug] [2025-08-11T16:23:02.925Z] <<< [apiv2][body] GET https://firebase.googleapis.com/v1beta1/projects [omitted]
[info] i  Using project sptms-85b73 (SPTMS) 
[info] 
=== Hosting Setup
[debug] [2025-08-11T16:23:12.612Z] Checked if tokens are valid: true, expires at: 1754932980898
[debug] [2025-08-11T16:23:12.612Z] Checked if tokens are valid: true, expires at: 1754932980898
[debug] [2025-08-11T16:23:12.613Z] >>> [apiv2][query] GET https://firebase.googleapis.com/v1beta1/projects/sptms-85b73 [none]
[debug] [2025-08-11T16:23:13.437Z] <<< [apiv2][status] GET https://firebase.googleapis.com/v1beta1/projects/sptms-85b73 200
[debug] [2025-08-11T16:23:13.437Z] <<< [apiv2][body] GET https://firebase.googleapis.com/v1beta1/projects/sptms-85b73 {"projectId":"sptms-85b73","projectNumber":"492824919117","displayName":"SPTMS","name":"projects/sptms-85b73","resources":{"hostingSite":"sptms-85b73"},"state":"ACTIVE","etag":"1_f6b5b1a1-b240-4953-b5e6-3c5e1de1804a"}
[info] 
[info] Your public directory is the folder (relative to your project directory) that
[info] will contain Hosting assets to be uploaded with firebase deploy. If you
[info] have a build process for your assets, use your build's output directory.
[info] 
[info] +  Wrote public/404.html 
[debug] [2025-08-11T16:25:48.606Z] >>> [apiv2][query] GET https://www.gstatic.com/firebasejs/releases.json [none]
[debug] [2025-08-11T16:25:48.874Z] <<< [apiv2][status] GET https://www.gstatic.com/firebasejs/releases.json 200
[debug] [2025-08-11T16:25:48.875Z] <<< [apiv2][body] GET https://www.gstatic.com/firebasejs/releases.json {"current":{"version":"12.1.0","browserURL":"https://www.gstatic.com/firebasejs/12.1.0/firebase.js","packageURL":"https://www.gstatic.com/firebasejs/12.1.0/firebase.tgz"},"live":{"version":"12.1","browserURL":"https://www.gstatic.com/firebasejs/live/12.1/firebase.js","packageURL":"https://www.gstatic.com/firebasejs/live/12.1/firebase.tgz"},"components":{"ai":"https://www.gstatic.com/firebasejs/12.1.0/firebase-ai.js","analytics":"https://www.gstatic.com/firebasejs/12.1.0/firebase-analytics.js","app":"https://www.gstatic.com/firebasejs/12.1.0/firebase-app.js","app-check":"https://www.gstatic.com/firebasejs/12.1.0/firebase-app-check.js","auth":"https://www.gstatic.com/firebasejs/12.1.0/firebase-auth.js","auth/cordova":"https://www.gstatic.com/firebasejs/12.1.0/firebase-auth/cordova.js","auth/web-extension":"https://www.gstatic.com/firebasejs/12.1.0/firebase-auth/web-extension.js","functions":"https://www.gstatic.com/firebasejs/12.1.0/firebase-functions.js","firestore":"https://www.gstatic.com/firebasejs/12.1.0/firebase-firestore.js","firestore/lite":"https://www.gstatic.com/firebasejs/12.1.0/firebase-firestore/lite.js","installations":"https://www.gstatic.com/firebasejs/12.1.0/firebase-installations.js","storage":"https://www.gstatic.com/firebasejs/12.1.0/firebase-storage.js","performance":"https://www.gstatic.com/firebasejs/12.1.0/firebase-performance.js","remote-config":"https://www.gstatic.com/firebasejs/12.1.0/firebase-remote-config.js","messaging":"https://www.gstatic.com/firebasejs/12.1.0/firebase-messaging.js","messaging/sw":"https://www.gstatic.com/firebasejs/12.1.0/firebase-messaging/sw.js","database":"https://www.gstatic.com/firebasejs/12.1.0/firebase-database.js","data-connect":"https://www.gstatic.com/firebasejs/12.1.0/firebase-data-connect.js","firestore.memory":"https://www.gstatic.com/firebasejs/12.1.0/firebase-firestore.memory.js"}}
[info] +  Wrote public/index.html 
[info] 
[info] i  Detected a .git folder at C:\ 
[info] i  Authorizing with GitHub to upload your service account to a GitHub repository's secrets store. 
[info] 
[info] Visit this URL on this device to log in:
[info] https://github.com/login/oauth/authorize?client_id=89cf50f02ac6aaed3484&state=489898553&redirect_uri=http%3A%2F%2Flocalhost%3A9005&scope=read%3Auser%20repo%20public_repo
[info] 
[info] Waiting for authentication...
[debug] [2025-08-11T16:26:30.554Z] >>> [apiv2][query] POST https://github.com/login/oauth/access_token [none]
[debug] [2025-08-11T16:26:30.555Z] >>> [apiv2][body] POST https://github.com/login/oauth/access_token [stream]
[debug] [2025-08-11T16:26:31.406Z] <<< [apiv2][status] POST https://github.com/login/oauth/access_token 200
[debug] [2025-08-11T16:26:31.406Z] <<< [apiv2][body] POST https://github.com/login/oauth/access_token {"access_token":"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","token_type":"bearer","scope":"read:user,repo"}
[debug] [2025-08-11T16:26:31.429Z] >>> [apiv2][query] GET https://api.github.com/user [none]
[debug] [2025-08-11T16:26:32.114Z] <<< [apiv2][status] GET https://api.github.com/user 200
[debug] [2025-08-11T16:26:32.115Z] <<< [apiv2][body] GET https://api.github.com/user {"login":"VisakanM-bit-hub","id":205223763,"node_id":"U_kgDODDt3Uw","avatar_url":"https://avatars.githubusercontent.com/u/205223763?v=4","gravatar_id":"","url":"https://api.github.com/users/VisakanM-bit-hub","html_url":"https://github.com/VisakanM-bit-hub","followers_url":"https://api.github.com/users/VisakanM-bit-hub/followers","following_url":"https://api.github.com/users/VisakanM-bit-hub/following{/other_user}","gists_url":"https://api.github.com/users/VisakanM-bit-hub/gists{/gist_id}","starred_url":"https://api.github.com/users/VisakanM-bit-hub/starred{/owner}{/repo}","subscriptions_url":"https://api.github.com/users/VisakanM-bit-hub/subscriptions","organizations_url":"https://api.github.com/users/VisakanM-bit-hub/orgs","repos_url":"https://api.github.com/users/VisakanM-bit-hub/repos","events_url":"https://api.github.com/users/VisakanM-bit-hub/events{/privacy}","received_events_url":"https://api.github.com/users/VisakanM-bit-hub/received_events","type":"User","user_view_type":"private","site_admin":false,"name":null,"company":null,"blog":"","location":null,"email":null,"hireable":null,"bio":null,"twitter_username":null,"notification_email":null,"public_repos":0,"public_gists":0,"followers":0,"following":0,"created_at":"2025-03-27T18:26:35Z","updated_at":"2025-03-27T18:26:45Z","private_gists":0,"total_private_repos":0,"owned_private_repos":0,"disk_usage":0,"collaborators":0,"two_factor_authentication":false,"plan":{"name":"free","space":976562499,"collaborators":0,"private_repos":10000}}
[info] 
[info] +  Success! Logged into GitHub as VisakanM-bit-hub 
[info] 
[debug] [2025-08-11T16:28:33.804Z] >>> [apiv2][query] GET https://api.github.com/repos/VisakanM-bit/SPTMS/actions/secrets/public-key type=owner
[debug] [2025-08-11T16:28:34.713Z] <<< [apiv2][status] GET https://api.github.com/repos/VisakanM-bit/SPTMS/actions/secrets/public-key 403
[debug] [2025-08-11T16:28:34.714Z] <<< [apiv2][body] GET https://api.github.com/repos/VisakanM-bit/SPTMS/actions/secrets/public-key {"message":"You must have repository read permissions or have the repository secrets fine-grained permission.","documentation_url":"https://docs.github.com/rest/actions/secrets#get-a-repository-public-key","status":"403"}
[info] 
[info] 
[error] !  The provided authorization cannot be used with this repository. If this repository is in an organization, did you remember to grant access? 
[info] 
[info] i  Action required: Visit this URL to ensure access has been granted to the appropriate organization(s) for the Firebase CLI GitHub OAuth App: 
[info] https://github.com/settings/connections/applications/89cf50f02ac6aaed3484
[info] 
